
*** src/proto/single/utils.rs:15:5: replace gen_random_jid -> String with String::new()

*** mutation diff:
--- src/proto/single/utils.rs
+++ replace gen_random_jid -> String with String::new()
@@ -7,17 +7,17 @@
     thread_rng()
         .sample_iter(&rand::distributions::Alphanumeric)
         .map(char::from)
         .take(length)
         .collect()
 }
 
 pub(crate) fn gen_random_jid() -> String {
-    gen_random_id(JOB_ID_LENGTH)
+    String::new() /* ~ changed by cargo-mutants ~ */
 }
 
 pub(crate) fn gen_random_wid() -> String {
     gen_random_id(WORKER_ID_LENGTH)
 }
 
 #[cfg(test)]
 mod test {


*** /home/pavel/.rustup/toolchains/stable-x86_64-unknown-linux-gnu/bin/cargo build --tests --manifest-path /tmp/cargo-mutants-faktory-rs-jIMFg4.tmp/Cargo.toml --all-features
   Compiling faktory v0.12.5 (/tmp/cargo-mutants-faktory-rs-jIMFg4.tmp)
    Finished dev [unoptimized + debuginfo] target(s) in 1.55s

*** result: Success

*** /home/pavel/.rustup/toolchains/stable-x86_64-unknown-linux-gnu/bin/cargo test --manifest-path /tmp/cargo-mutants-faktory-rs-jIMFg4.tmp/Cargo.toml --all-features
    Finished test [unoptimized + debuginfo] target(s) in 0.06s
     Running unittests src/lib.rs (target/debug/deps/faktory-248e4bd4cd431a2c)

running 35 tests
test proto::single::ent::test::test_expiration_feature_for_enterprise_faktory ... ok
test proto::batch::test::test_batch_creation ... ok
test proto::single::ent::test::test_uniqueness_faeture_for_enterprise_faktory ... ok
test proto::single::ent::test::test_same_purpose_setters_applied_simultaneously ... ok
test proto::single::resp::test::it_decodes_json_nill ... ok
test proto::single::resp::test::it_decodes_json_empty ... ok
test proto::batch::test::test_batch_serialized_correctly ... ok
test proto::single::resp::test::it_decodes_json_ok_blob ... ok
test proto::single::resp::test::it_decodes_json_ok_string ... ok
test proto::single::resp::test::it_decodes_blob_json ... ok
test proto::single::resp::test::it_decodes_string_json ... ok
test proto::single::resp::test::it_errors_on_bad_json_blob ... ok
test proto::single::resp::test::it_errors_on_bad_numbers ... ok
test proto::single::resp::test::it_errors_on_bad_sizes ... ok
test proto::single::resp::test::it_cant_do_arrays - should panic ... ok
test proto::single::resp::test::it_parses_empty_bulk ... ok
test proto::single::resp::test::it_errors_on_bad_json_string ... ok
test proto::single::resp::test::it_errors_on_unknown_resp_type ... ok
test proto::single::resp::test::it_parses_nills ... ok
test proto::single::resp::test::it_parses_non_empty_bulk ... ok
test proto::single::resp::test::it_parses_errors ... ok
test proto::single::resp::test::it_parses_numbers ... ok
test proto::single::resp::test::it_parses_simple_strings ... ok
test proto::single::test::test_all_job_creation_variants_align ... FAILED
test proto::single::resp::test::json_error_on_number ... ok
test proto::single::test::test_arbitrary_custom_data_setter ... ok
test proto::single::test::test_job_can_be_created_with_builder ... FAILED
test proto::single::utils::test::test_id_of_known_size_generated ... ok
test proto::utils::tests::correct_env_parsing ... ok
test proto::utils::tests::url_can_take_password_and_port ... ok
test proto::utils::tests::url_doesnt_require_port ... ok
test proto::utils::tests::url_port_default ... ok
test proto::utils::tests::url_requires_host ... ok
test proto::utils::tests::url_requires_tcp ... ok
test proto::single::utils::test::test_ids_are_unique ... ok

failures:

---- proto::single::test::test_all_job_creation_variants_align stdout ----
thread 'proto::single::test::test_all_job_creation_variants_align' panicked at src/proto/single/mod.rs:337:9:
assertion `left != right` failed
  left: JobId("")
 right: JobId("")

---- proto::single::test::test_job_can_be_created_with_builder stdout ----
thread 'proto::single::test::test_job_can_be_created_with_builder' panicked at src/proto/single/mod.rs:292:9:
assertion failed: job.jid != "".into()


failures:
    proto::single::test::test_all_job_creation_variants_align
    proto::single::test::test_job_can_be_created_with_builder

test result: FAILED. 33 passed; 2 failed; 0 ignored; 0 measured; 0 filtered out; finished in 3.29s

error: test failed, to rerun pass `--lib`

*** result: Failure(101)
