
*** src/proto/single/ent/mod.rs:46:36: replace + with * in JobBuilder::expires_in

*** mutation diff:
--- src/proto/single/ent/mod.rs
+++ replace + with * in JobBuilder::expires_in
@@ -38,17 +38,17 @@
     /// # use faktory::JobBuilder;
     /// # use chrono::Duration;
     /// let _job = JobBuilder::new("order")
     ///     .args(vec!["ISBN-14:9781718501850"])
     ///     .expires_in(Duration::weeks(0))
     ///     .build();
     /// ```
     pub fn expires_in(&mut self, ttl: chrono::Duration) -> &mut Self {
-        self.expires_at(Utc::now() + ttl)
+        self.expires_at(Utc::now() * /* ~ changed by cargo-mutants ~ */ ttl)
     }
 
     /// How long the Faktory will not accept duplicates of this job.
     ///
     /// The job will be considered unique for the kind-args-queue combination. The uniqueness is best-effort,
     /// rather than a guarantee. Check out the Enterprise Faktory [docs](https://github.com/contribsys/faktory/wiki/Ent-Unique-Jobs)
     /// for details on how scheduling, retries, and other features live together with `unique_for`.
     ///


*** /home/pavel/.rustup/toolchains/stable-x86_64-unknown-linux-gnu/bin/cargo build --tests --manifest-path /tmp/cargo-mutants-faktory-rs-jIMFg4.tmp/Cargo.toml --all-features
   Compiling faktory v0.12.5 (/tmp/cargo-mutants-faktory-rs-jIMFg4.tmp)
error[E0369]: cannot multiply `DateTime<Utc>` by `TimeDelta`
  --> src/proto/single/ent/mod.rs:46:36
   |
46 |         self.expires_at(Utc::now() * /* ~ changed by cargo-mutants ~ */ ttl)
   |                         ---------- ^                                    --- TimeDelta
   |                         |
   |                         DateTime<Utc>

For more information about this error, try `rustc --explain E0369`.
error[E0369]: cannot multiply `DateTime<chrono::Utc>` by `TimeDelta`
  --> src/proto/single/ent/mod.rs:46:36
   |
46 |         self.expires_at(Utc::now() * /* ~ changed by cargo-mutants ~ */ ttl)
   |                         ---------- ^                                    --- TimeDelta
   |                         |
   |                         DateTime<chrono::Utc>

error: could not compile `faktory` (lib) due to 1 previous error
warning: build failed, waiting for other jobs to finish...
error: could not compile `faktory` (lib test) due to 1 previous error

*** result: Failure(101)
