
*** src/proto/single/resp.rs:190:63: replace - with + in read

*** mutation diff:
--- src/proto/single/resp.rs
+++ replace - with + in read
@@ -182,17 +182,17 @@
                 .into()),
             }
         }
         b'$' => {
             // Bulk String
             // https://redis.io/topics/protocol#resp-bulk-strings
             let mut bytes = Vec::with_capacity(32);
             r.read_until(b'\n', &mut bytes).await?;
-            let s = std::str::from_utf8(&bytes[0..bytes.len() - 2]).map_err(|_| {
+            let s = std::str::from_utf8(&bytes[0..bytes.len() + /* ~ changed by cargo-mutants ~ */ 2]).map_err(|_| {
                 error::Protocol::BadResponse {
                     typed_as: "bulk string",
                     error: "server bulk response contains non-utf8 size prefix",
                     bytes: bytes[0..bytes.len() - 2].to_vec(),
                 }
             })?;
 
             let size = s


*** /home/pavel/.rustup/toolchains/stable-x86_64-unknown-linux-gnu/bin/cargo build --tests --manifest-path /tmp/cargo-mutants-faktory-rs-jIMFg4.tmp/Cargo.toml --all-features
   Compiling faktory v0.12.5 (/tmp/cargo-mutants-faktory-rs-jIMFg4.tmp)
    Finished dev [unoptimized + debuginfo] target(s) in 2.63s

*** result: Success

*** /home/pavel/.rustup/toolchains/stable-x86_64-unknown-linux-gnu/bin/cargo test --manifest-path /tmp/cargo-mutants-faktory-rs-jIMFg4.tmp/Cargo.toml --all-features
    Finished test [unoptimized + debuginfo] target(s) in 0.07s
     Running unittests src/lib.rs (target/debug/deps/faktory-248e4bd4cd431a2c)

running 35 tests
test proto::single::resp::test::it_decodes_json_empty ... FAILED
test proto::batch::test::test_batch_serialized_correctly ... ok
test proto::single::resp::test::it_decodes_json_ok_blob ... FAILED
test proto::single::resp::test::it_cant_do_arrays - should panic ... ok
test proto::single::resp::test::it_errors_on_bad_json_blob ... FAILED
test proto::single::resp::test::it_decodes_blob_json ... FAILED
test proto::single::resp::test::it_decodes_json_ok_string ... ok
test proto::single::resp::test::it_errors_on_bad_json_string ... ok
test proto::single::resp::test::it_decodes_string_json ... ok
test proto::single::resp::test::it_errors_on_bad_numbers ... ok
test proto::single::ent::test::test_expiration_feature_for_enterprise_faktory ... ok
test proto::batch::test::test_batch_creation ... ok
test proto::single::resp::test::it_decodes_json_nill ... FAILED
test proto::single::ent::test::test_uniqueness_faeture_for_enterprise_faktory ... ok
test proto::single::ent::test::test_same_purpose_setters_applied_simultaneously ... ok
test proto::single::resp::test::it_errors_on_bad_sizes ... FAILED
test proto::single::resp::test::it_parses_nills ... FAILED
test proto::single::resp::test::it_parses_empty_bulk ... FAILED
test proto::single::resp::test::it_parses_numbers ... ok
test proto::single::resp::test::it_parses_non_empty_bulk ... FAILED
test proto::single::resp::test::it_parses_errors ... ok
test proto::single::resp::test::it_parses_simple_strings ... ok
test proto::single::resp::test::it_errors_on_unknown_resp_type ... ok
test proto::single::resp::test::json_error_on_number ... ok
test proto::single::test::test_arbitrary_custom_data_setter ... ok
test proto::single::test::test_all_job_creation_variants_align ... ok
test proto::single::test::test_job_can_be_created_with_builder ... ok
test proto::single::utils::test::test_id_of_known_size_generated ... ok
test proto::utils::tests::correct_env_parsing ... ok
test proto::utils::tests::url_can_take_password_and_port ... ok
test proto::utils::tests::url_doesnt_require_port ... ok
test proto::utils::tests::url_port_default ... ok
test proto::utils::tests::url_requires_host ... ok
test proto::utils::tests::url_requires_tcp ... ok
test proto::single::utils::test::test_ids_are_unique ... ok

failures:

---- proto::single::resp::test::it_decodes_json_empty stdout ----
thread 'proto::single::resp::test::it_decodes_json_empty' panicked at src/proto/single/resp.rs:190:47:
range end index 5 out of range for slice of length 3

---- proto::single::resp::test::it_decodes_json_ok_blob stdout ----
thread 'proto::single::resp::test::it_decodes_json_ok_blob' panicked at src/proto/single/resp.rs:190:47:
range end index 5 out of range for slice of length 3

---- proto::single::resp::test::it_errors_on_bad_json_blob stdout ----
thread 'proto::single::resp::test::it_errors_on_bad_json_blob' panicked at src/proto/single/resp.rs:190:47:
range end index 5 out of range for slice of length 3
note: run with `RUST_BACKTRACE=1` environment variable to display a backtrace

---- proto::single::resp::test::it_decodes_blob_json stdout ----
thread 'proto::single::resp::test::it_decodes_blob_json' panicked at src/proto/single/resp.rs:190:47:
range end index 6 out of range for slice of length 4

---- proto::single::resp::test::it_decodes_json_nill stdout ----
thread 'proto::single::resp::test::it_decodes_json_nill' panicked at src/proto/single/resp.rs:190:47:
range end index 6 out of range for slice of length 4

---- proto::single::resp::test::it_errors_on_bad_sizes stdout ----
thread 'proto::single::resp::test::it_errors_on_bad_sizes' panicked at src/proto/single/resp.rs:190:47:
range end index 5 out of range for slice of length 3

---- proto::single::resp::test::it_parses_nills stdout ----
thread 'proto::single::resp::test::it_parses_nills' panicked at src/proto/single/resp.rs:190:47:
range end index 6 out of range for slice of length 4

---- proto::single::resp::test::it_parses_empty_bulk stdout ----
thread 'proto::single::resp::test::it_parses_empty_bulk' panicked at src/proto/single/resp.rs:190:47:
range end index 5 out of range for slice of length 3

---- proto::single::resp::test::it_parses_non_empty_bulk stdout ----
thread 'proto::single::resp::test::it_parses_non_empty_bulk' panicked at src/proto/single/resp.rs:190:47:
range end index 6 out of range for slice of length 4


failures:
    proto::single::resp::test::it_decodes_blob_json
    proto::single::resp::test::it_decodes_json_empty
    proto::single::resp::test::it_decodes_json_nill
    proto::single::resp::test::it_decodes_json_ok_blob
    proto::single::resp::test::it_errors_on_bad_json_blob
    proto::single::resp::test::it_errors_on_bad_sizes
    proto::single::resp::test::it_parses_empty_bulk
    proto::single::resp::test::it_parses_nills
    proto::single::resp::test::it_parses_non_empty_bulk

test result: FAILED. 26 passed; 9 failed; 0 ignored; 0 measured; 0 filtered out; finished in 3.22s

error: test failed, to rerun pass `--lib`

*** result: Failure(101)
