
*** src/proto/utils.rs:11:5: replace host_from_url -> String with String::new()

*** mutation diff:
--- src/proto/utils.rs
+++ replace host_from_url -> String with String::new()
@@ -3,17 +3,17 @@
 
 pub(crate) fn get_env_url() -> String {
     use std::env;
     let var = env::var("FAKTORY_PROVIDER").unwrap_or_else(|_| "FAKTORY_URL".to_string());
     env::var(var).unwrap_or_else(|_| "tcp://localhost:7419".to_string())
 }
 
 pub(crate) fn host_from_url(url: &Url) -> String {
-    format!("{}:{}", url.host_str().unwrap(), url.port().unwrap_or(7419))
+    String::new() /* ~ changed by cargo-mutants ~ */
 }
 
 pub(crate) fn url_parse(url: &str) -> Result<Url, Error> {
     let url = Url::parse(url).map_err(error::Connect::ParseUrl)?;
     if url.scheme() != "tcp" {
         return Err(error::Connect::BadScheme {
             scheme: url.scheme().to_string(),
         }


*** /home/pavel/.rustup/toolchains/stable-x86_64-unknown-linux-gnu/bin/cargo build --tests --manifest-path /tmp/cargo-mutants-faktory-rs-3ziugm.tmp/Cargo.toml
   Compiling faktory v0.12.5 (/tmp/cargo-mutants-faktory-rs-3ziugm.tmp)
    Finished dev [unoptimized + debuginfo] target(s) in 1.15s

*** result: Success

*** /home/pavel/.rustup/toolchains/stable-x86_64-unknown-linux-gnu/bin/cargo test --manifest-path /tmp/cargo-mutants-faktory-rs-3ziugm.tmp/Cargo.toml --locked --all-features --all-targets
   Compiling faktory v0.12.5 (/tmp/cargo-mutants-faktory-rs-3ziugm.tmp)
    Finished test [unoptimized + debuginfo] target(s) in 1.40s
     Running unittests src/lib.rs (target/debug/deps/faktory-248e4bd4cd431a2c)

running 35 tests
test proto::single::ent::test::test_expiration_feature_for_enterprise_faktory ... ok
test proto::single::ent::test::test_same_purpose_setters_applied_simultaneously ... ok
test proto::batch::test::test_batch_serialized_correctly ... ok
test proto::single::resp::test::it_decodes_blob_json ... ok
test proto::single::resp::test::it_decodes_json_nill ... ok
test proto::single::ent::test::test_uniqueness_faeture_for_enterprise_faktory ... ok
test proto::batch::test::test_batch_creation ... ok
test proto::single::resp::test::it_decodes_string_json ... ok
test proto::single::resp::test::it_decodes_json_ok_blob ... ok
test proto::single::resp::test::it_errors_on_bad_json_blob ... ok
test proto::single::resp::test::it_decodes_json_empty ... ok
test proto::single::resp::test::it_errors_on_bad_numbers ... ok
test proto::single::resp::test::it_decodes_json_ok_string ... ok
test proto::single::resp::test::it_errors_on_bad_json_string ... ok
test proto::single::resp::test::it_cant_do_arrays - should panic ... ok
test proto::single::resp::test::it_errors_on_bad_sizes ... ok
test proto::single::resp::test::it_parses_empty_bulk ... ok
test proto::single::resp::test::it_parses_errors ... ok
test proto::single::resp::test::it_errors_on_unknown_resp_type ... ok
test proto::single::resp::test::it_parses_non_empty_bulk ... ok
test proto::single::resp::test::it_parses_nills ... ok
test proto::single::resp::test::it_parses_numbers ... ok
test proto::single::resp::test::it_parses_simple_strings ... ok
test proto::single::resp::test::json_error_on_number ... ok
test proto::single::test::test_all_job_creation_variants_align ... ok
test proto::single::test::test_arbitrary_custom_data_setter ... ok
test proto::single::test::test_job_can_be_created_with_builder ... ok
test proto::single::utils::test::test_id_of_known_size_generated ... ok
test proto::utils::tests::correct_env_parsing ... ok
test proto::utils::tests::url_can_take_password_and_port ... ok
test proto::utils::tests::url_doesnt_require_port ... ok
test proto::utils::tests::url_port_default ... FAILED
test proto::utils::tests::url_requires_host ... ok
test proto::utils::tests::url_requires_tcp ... ok
test proto::single::utils::test::test_ids_are_unique ... ok

failures:

---- proto::utils::tests::url_port_default stdout ----
thread 'proto::utils::tests::url_port_default' panicked at src/proto/utils.rs:61:9:
assertion `left == right` failed
  left: ""
 right: "example.com:7419"


failures:
    proto::utils::tests::url_port_default

test result: FAILED. 34 passed; 1 failed; 0 ignored; 0 measured; 0 filtered out; finished in 3.14s

error: test failed, to rerun pass `--lib`

*** result: Failure(101)
